<?xml version="1.0" encoding="UTF-8"?>
<testng-results skipped="0" failed="0" ignored="0" total="1" passed="1">
  <reporter-output>
  </reporter-output>
  <suite name="Default suite" duration-ms="17194" started-at="2020-04-10T11:22:09Z" finished-at="2020-04-10T11:22:26Z">
    <groups>
    </groups>
    <test name="Default test" duration-ms="17194" started-at="2020-04-10T11:22:09Z" finished-at="2020-04-10T11:22:26Z">
      <class name="HowToUseActions.ActionClass">
        <test-method status="PASS" signature="actionHowTo()[pri:0, instance:HowToUseActions.ActionClass@7f9a81e8]" name="actionHowTo" duration-ms="17174" started-at="2020-04-10T11:22:09Z" finished-at="2020-04-10T11:22:26Z">
          <reporter-output>
          </reporter-output>
        </test-method> <!-- actionHowTo -->
      </class> <!-- HowToUseActions.ActionClass -->
    </test> <!-- Default test -->
  </suite> <!-- Default suite -->
</testng-results>
